<?xml version="1.0" encoding="UTF-8"?>
<testng-results ignored="0" total="2" passed="2" failed="0" skipped="0">
  <reporter-output>
  </reporter-output>
  <suite started-at="2020-10-13T21:14:31 IST" name="Default suite" finished-at="2020-10-13T21:15:16 IST" duration-ms="45721">
    <groups>
    </groups>
    <test started-at="2020-10-13T21:14:31 IST" name="Default test" finished-at="2020-10-13T21:15:16 IST" duration-ms="45721">
      <class name="com.quantinsti_Log_in_Verify.Quantinsti_Log_in_Assignment_no_1">
        <test-method signature="Setup_Browser()[pri:0, instance:com.quantinsti_Log_in_Verify.Quantinsti_Log_in_Assignment_no_1@1d082e88]" started-at="2020-10-13T21:14:31 IST" name="Setup_Browser" finished-at="2020-10-13T21:14:45 IST" duration-ms="14206" status="PASS">
          <reporter-output>
          </reporter-output>
        </test-method> <!-- Setup_Browser -->
        <test-method signature="Setup_locator()[pri:0, instance:com.quantinsti_Log_in_Verify.Quantinsti_Log_in_Assignment_no_1@1d082e88]" started-at="2020-10-13T21:14:45 IST" name="Setup_locator" finished-at="2020-10-13T21:15:16 IST" duration-ms="31461" status="PASS">
          <reporter-output>
          </reporter-output>
        </test-method> <!-- Setup_locator -->
      </class> <!-- com.quantinsti_Log_in_Verify.Quantinsti_Log_in_Assignment_no_1 -->
    </test> <!-- Default test -->
  </suite> <!-- Default suite -->
</testng-results>
