<?xml version="1.0" encoding="UTF-8"?>
<!-- Generated by org.testng.reporters.JUnitXMLReporter -->
<testsuite ignored="0" hostname="DESKTOP-8BLGLA0" failures="0" tests="2" name="Default test" time="45.721" errors="0" timestamp="2020-10-13T21:15:16 IST">
  <testcase classname="com.quantinsti_Log_in_Verify.Quantinsti_Log_in_Assignment_no_1" name="Setup_Browser" time="14.206"/>
  <testcase classname="com.quantinsti_Log_in_Verify.Quantinsti_Log_in_Assignment_no_1" name="Setup_locator" time="31.461"/>
</testsuite> <!-- Default test -->
